<?xml version="1.0" encoding="UTF-8"?>
<!-- Generated by org.testng.reporters.JUnitXMLReporter -->
<testsuite ignored="0" hostname="Sachin" failures="0" tests="4" name="LoginTests" time="11.603" errors="0" timestamp="2025-06-26T10:30:37 IST">
  <testcase classname="com.webplat.tests.LoginTests" name="verifyLoginPageLoadPerformance" time="3.95"/>
  <testcase classname="com.webplat.tests.LoginTests" name="verifyInvalidLogin" time="4.13"/>
  <testcase classname="com.webplat.tests.LoginTests" name="verifyForgotPasswordFlow" time="0.497"/>
  <testcase classname="com.webplat.tests.LoginTests" name="verifyInstagramRedirect" time="0.705"/>
</testsuite> <!-- LoginTests -->
